kwargs
    chi:                 2
    L:                   5
    g:                   5.0
    quench:              X
    folder:              /dss/dssfs02/lwp-dss-0001/pn69yo/pn69yo-dss-0000/di67met/msc-data/E1/2020_09_23_08_39_00
    dt:                  0.05
    gs_file:             /dss/dssfs02/lwp-dss-0001/pn69yo/pn69yo-dss-0000/di67met/msc-projects/E1_peps_quench/groundstates/L_5_chi_2_g_5.0.pkl
    initial:             old
    save_all_peps:       True
    tolerance_grad:      1e-05
    max_iter:            100
    n_steps:             1000
    task_id:             None
Starting with groundstate of g=5.0 TFIM
GS file specified, loading GS from file
Quench: Applying quench operator to center site
Computing Observables
Evolving to t=0.05
Computing Observables
Evolving to t=0.1
Computing Observables
Evolving to t=0.15000000000000002
Computing Observables
Evolving to t=0.2
Computing Observables
Evolving to t=0.25
Computing Observables
Evolving to t=0.30000000000000004
Computing Observables
Evolving to t=0.35000000000000003
Computing Observables
Evolving to t=0.4
Computing Observables
Evolving to t=0.45
Computing Observables
Evolving to t=0.5
Computing Observables
Evolving to t=0.55
Computing Observables
Evolving to t=0.6000000000000001
Computing Observables
Evolving to t=0.65
Computing Observables
Evolving to t=0.7000000000000001
Computing Observables
Evolving to t=0.75
Computing Observables
Evolving to t=0.8
Computing Observables
Evolving to t=0.8500000000000001
Computing Observables
Evolving to t=0.9
Computing Observables
Evolving to t=0.9500000000000001
Computing Observables
Evolving to t=1.0
Computing Observables
Evolving to t=1.05
Computing Observables
Evolving to t=1.1
Computing Observables
Evolving to t=1.1500000000000001
Computing Observables
Evolving to t=1.2000000000000002
Computing Observables
Evolving to t=1.25
Computing Observables
Evolving to t=1.3
Computing Observables
Evolving to t=1.35
Computing Observables
Evolving to t=1.4000000000000001
Computing Observables
Evolving to t=1.4500000000000002
Computing Observables
Evolving to t=1.5
Computing Observables
Evolving to t=1.55
Computing Observables
Evolving to t=1.6
Computing Observables
Evolving to t=1.6500000000000001
Computing Observables
Evolving to t=1.7000000000000002
Computing Observables
Evolving to t=1.75
Computing Observables
Evolving to t=1.8
Computing Observables
Evolving to t=1.85
Computing Observables
Evolving to t=1.9000000000000001
Computing Observables
Evolving to t=1.9500000000000002
Computing Observables
Evolving to t=2.0
Computing Observables
Evolving to t=2.0500000000000003
Computing Observables
Evolving to t=2.1
Computing Observables
Evolving to t=2.15
Computing Observables
Evolving to t=2.2
Computing Observables
Evolving to t=2.25
Computing Observables
Evolving to t=2.3000000000000003
Computing Observables
Evolving to t=2.35
Computing Observables
Evolving to t=2.4000000000000004
Computing Observables
Evolving to t=2.45
Computing Observables
Evolving to t=2.5
Computing Observables
Evolving to t=2.5500000000000003
Computing Observables
Evolving to t=2.6
Computing Observables
Evolving to t=2.6500000000000004
Computing Observables
Evolving to t=2.7
Computing Observables
Evolving to t=2.75
Computing Observables
Evolving to t=2.8000000000000003
Computing Observables
Evolving to t=2.85
Computing Observables
Evolving to t=2.9000000000000004
Computing Observables
Evolving to t=2.95
Computing Observables
Evolving to t=3.0
Computing Observables
Evolving to t=3.0500000000000003
Computing Observables
Evolving to t=3.1
Computing Observables
Evolving to t=3.1500000000000004
Computing Observables
Evolving to t=3.2
Computing Observables
Evolving to t=3.25
Computing Observables
Evolving to t=3.3000000000000003
Computing Observables
Evolving to t=3.35
Computing Observables
Evolving to t=3.4000000000000004
Computing Observables
Evolving to t=3.45
Computing Observables
Evolving to t=3.5
Computing Observables
Evolving to t=3.5500000000000003
Computing Observables
Evolving to t=3.6
Computing Observables
Evolving to t=3.6500000000000004
Computing Observables
Evolving to t=3.7
Computing Observables
Evolving to t=3.75
Computing Observables
Evolving to t=3.8000000000000003
Computing Observables
Evolving to t=3.85
